2011-05-28 04:39:58 URL:http://profiles.friendster.com/10288489 [29806] -> "data/1/0/2/10288489/profile.html" [1]
2011-05-28 04:39:59 URL:http://photos-p.friendster.com/photos/98/48/10288489/1_617643219.jpg [8248/8248] -> "data/1/0/2/10288489/photos/98/48/10288489/1_617643219.jpg" [1]
2011-05-28 04:40:00 URL:http://www.friendster.com/viewalbums.php?uid=10288489&page=0 [33866] -> "data/1/0/2/10288489/albums_0.html" [1]
2011-05-28 04:40:01 URL:http://www.friendster.com/viewphotos.php?a=0&uid=10288489&page=0 [32895] -> "data/1/0/2/10288489/photos_0_0.html" [1]
2011-05-28 04:40:03 URL:http://photos-p.friendster.com/photos/98/48/10288489/1_110503209.jpg [38123/38123] -> "data/1/0/2/10288489/photos/98/48/10288489/1_110503209.jpg" [1]
2011-05-28 04:40:04 URL:http://photos-p.friendster.com/photos/98/48/10288489/1_339410516.jpg [8217/8217] -> "data/1/0/2/10288489/photos/98/48/10288489/1_339410516.jpg" [1]
2011-05-28 04:40:06 URL:http://photos-p.friendster.com/photos/98/48/10288489/1_503623561.jpg [36567/36567] -> "data/1/0/2/10288489/photos/98/48/10288489/1_503623561.jpg" [1]
2011-05-28 04:40:06 URL:http://photos-p.friendster.com/photos/98/48/10288489/1_521958266.jpg [28782/28782] -> "data/1/0/2/10288489/photos/98/48/10288489/1_521958266.jpg" [1]
2011-05-28 04:40:08 URL:http://photos-p.friendster.com/photos/98/48/10288489/1_529175405.jpg [29264/29264] -> "data/1/0/2/10288489/photos/98/48/10288489/1_529175405.jpg" [1]
2011-05-28 04:40:08 URL:http://photos-p.friendster.com/photos/98/48/10288489/1_588030927.jpg [38982/38982] -> "data/1/0/2/10288489/photos/98/48/10288489/1_588030927.jpg" [1]
2011-05-28 04:40:09 URL:http://photos-p.friendster.com/photos/98/48/10288489/1_604567076.jpg [26027/26027] -> "data/1/0/2/10288489/photos/98/48/10288489/1_604567076.jpg" [1]
2011-05-28 04:40:09 URL:http://photos-p.friendster.com/photos/98/48/10288489/1_669623644.jpg [33672/33672] -> "data/1/0/2/10288489/photos/98/48/10288489/1_669623644.jpg" [1]
2011-05-28 04:40:10 URL:http://photos-p.friendster.com/photos/98/48/10288489/1_693818514.jpg [26355/26355] -> "data/1/0/2/10288489/photos/98/48/10288489/1_693818514.jpg" [1]
2011-05-28 04:40:10 URL:http://photos-p.friendster.com/photos/98/48/10288489/1_735827547.jpg [30792/30792] -> "data/1/0/2/10288489/photos/98/48/10288489/1_735827547.jpg" [1]
2011-05-28 04:40:11 URL:http://photos-p.friendster.com/photos/98/48/10288489/1_927808013.jpg [28295/28295] -> "data/1/0/2/10288489/photos/98/48/10288489/1_927808013.jpg" [1]
2011-05-28 04:40:12 URL:http://photos-p.friendster.com/photos/98/48/10288489/2_300966613.jpg [40475/40475] -> "data/1/0/2/10288489/photos/98/48/10288489/2_300966613.jpg" [1]
2011-05-28 04:40:12 URL:http://photos-p.friendster.com/photos/98/48/10288489/2_352382104.jpg [52242/52242] -> "data/1/0/2/10288489/photos/98/48/10288489/2_352382104.jpg" [1]
2011-05-28 04:40:13 URL:http://photos-p.friendster.com/photos/98/48/10288489/2_410540805.jpg [26102/26102] -> "data/1/0/2/10288489/photos/98/48/10288489/2_410540805.jpg" [1]
2011-05-28 04:40:14 URL:http://photos-p.friendster.com/photos/98/48/10288489/2_529886406.jpg [42142/42142] -> "data/1/0/2/10288489/photos/98/48/10288489/2_529886406.jpg" [1]
2011-05-28 04:40:14 URL:http://photos-p.friendster.com/photos/98/48/10288489/2_544402820.jpg [44878/44878] -> "data/1/0/2/10288489/photos/98/48/10288489/2_544402820.jpg" [1]
2011-05-28 04:40:15 URL:http://photos-p.friendster.com/photos/98/48/10288489/2_583676365.jpg [56058/56058] -> "data/1/0/2/10288489/photos/98/48/10288489/2_583676365.jpg" [1]
2011-05-28 04:40:16 URL:http://photos-p.friendster.com/photos/98/48/10288489/2_733779440.jpg [28130/28130] -> "data/1/0/2/10288489/photos/98/48/10288489/2_733779440.jpg" [1]
2011-05-28 04:40:17 URL:http://photos-p.friendster.com/photos/98/48/10288489/2_931607803.jpg [45827/45827] -> "data/1/0/2/10288489/photos/98/48/10288489/2_931607803.jpg" [1]
2011-05-28 04:40:17 URL:http://photos-p.friendster.com/photos/98/48/10288489/2_987899919.jpg [44739/44739] -> "data/1/0/2/10288489/photos/98/48/10288489/2_987899919.jpg" [1]
2011-05-28 04:40:18 URL:http://www.friendster.com/viewphotos.php?a=0&uid=10288489&page=1 [32790] -> "data/1/0/2/10288489/photos_0_1.html" [1]
2011-05-28 04:40:19 URL:http://photos-p.friendster.com/photos/98/48/10288489/1_160907429.jpg [20950/20950] -> "data/1/0/2/10288489/photos/98/48/10288489/1_160907429.jpg" [1]
2011-05-28 04:40:19 URL:http://photos-p.friendster.com/photos/98/48/10288489/1_163700046.jpg [13089/13089] -> "data/1/0/2/10288489/photos/98/48/10288489/1_163700046.jpg" [1]
2011-05-28 04:40:20 URL:http://photos-p.friendster.com/photos/98/48/10288489/1_178730501.jpg [31789/31789] -> "data/1/0/2/10288489/photos/98/48/10288489/1_178730501.jpg" [1]
2011-05-28 04:40:20 URL:http://photos-p.friendster.com/photos/98/48/10288489/1_182877058.jpg [28022/28022] -> "data/1/0/2/10288489/photos/98/48/10288489/1_182877058.jpg" [1]
2011-05-28 04:40:20 URL:http://photos-p.friendster.com/photos/98/48/10288489/1_213855316.jpg [28408/28408] -> "data/1/0/2/10288489/photos/98/48/10288489/1_213855316.jpg" [1]
2011-05-28 04:40:21 URL:http://photos-p.friendster.com/photos/98/48/10288489/1_233511916.jpg [46804/46804] -> "data/1/0/2/10288489/photos/98/48/10288489/1_233511916.jpg" [1]
2011-05-28 04:40:22 URL:http://photos-p.friendster.com/photos/98/48/10288489/1_317870366.jpg [34303/34303] -> "data/1/0/2/10288489/photos/98/48/10288489/1_317870366.jpg" [1]
2011-05-28 04:40:22 URL:http://photos-p.friendster.com/photos/98/48/10288489/1_467152704.jpg [30752/30752] -> "data/1/0/2/10288489/photos/98/48/10288489/1_467152704.jpg" [1]
2011-05-28 04:40:23 URL:http://photos-p.friendster.com/photos/98/48/10288489/1_538998130.jpg [28198/28198] -> "data/1/0/2/10288489/photos/98/48/10288489/1_538998130.jpg" [1]
2011-05-28 04:40:24 URL:http://photos-p.friendster.com/photos/98/48/10288489/1_575162907.jpg [18475/18475] -> "data/1/0/2/10288489/photos/98/48/10288489/1_575162907.jpg" [1]
2011-05-28 04:40:25 URL:http://photos-p.friendster.com/photos/98/48/10288489/1_597813026.jpg [46484/46484] -> "data/1/0/2/10288489/photos/98/48/10288489/1_597813026.jpg" [1]
2011-05-28 04:40:26 URL:http://photos-p.friendster.com/photos/98/48/10288489/1_638553414.jpg [28363/28363] -> "data/1/0/2/10288489/photos/98/48/10288489/1_638553414.jpg" [1]
2011-05-28 04:40:26 URL:http://photos-p.friendster.com/photos/98/48/10288489/1_639705925.jpg [36790/36790] -> "data/1/0/2/10288489/photos/98/48/10288489/1_639705925.jpg" [1]
2011-05-28 04:40:27 URL:http://photos-p.friendster.com/photos/98/48/10288489/1_789118302.jpg [13230/13230] -> "data/1/0/2/10288489/photos/98/48/10288489/1_789118302.jpg" [1]
2011-05-28 04:40:27 URL:http://photos-p.friendster.com/photos/98/48/10288489/1_804732019.jpg [20825/20825] -> "data/1/0/2/10288489/photos/98/48/10288489/1_804732019.jpg" [1]
2011-05-28 04:40:28 URL:http://photos-p.friendster.com/photos/98/48/10288489/1_856363187.jpg [24253/24253] -> "data/1/0/2/10288489/photos/98/48/10288489/1_856363187.jpg" [1]
2011-05-28 04:40:29 URL:http://photos-p.friendster.com/photos/98/48/10288489/1_957645457.jpg [29347/29347] -> "data/1/0/2/10288489/photos/98/48/10288489/1_957645457.jpg" [1]
2011-05-28 04:40:29 URL:http://photos-p.friendster.com/photos/98/48/10288489/1_977799778.jpg [12860/12860] -> "data/1/0/2/10288489/photos/98/48/10288489/1_977799778.jpg" [1]
2011-05-28 04:40:30 URL:http://photos-p.friendster.com/photos/98/48/10288489/1_992488349.jpg [13313/13313] -> "data/1/0/2/10288489/photos/98/48/10288489/1_992488349.jpg" [1]
2011-05-28 04:40:31 URL:http://photos-p.friendster.com/photos/98/48/10288489/38399157225798.jpg [10928/10928] -> "data/1/0/2/10288489/photos/98/48/10288489/38399157225798.jpg" [1]
2011-05-28 04:40:32 URL:http://www.friendster.com/viewphotos.php?a=0&uid=10288489&page=2 [32908] -> "data/1/0/2/10288489/photos_0_2.html" [1]
2011-05-28 04:40:33 URL:http://photos-p.friendster.com/photos/54/86/6106845/0_128141325.jpg [44830/44830] -> "data/1/0/2/10288489/photos/54/86/6106845/0_128141325.jpg" [1]
2011-05-28 04:40:33 URL:http://photos-p.friendster.com/photos/98/48/10288489/0_113813044.jpg [28422/28422] -> "data/1/0/2/10288489/photos/98/48/10288489/0_113813044.jpg" [1]
2011-05-28 04:40:34 URL:http://photos-p.friendster.com/photos/98/48/10288489/0_313804823.jpg [5876/5876] -> "data/1/0/2/10288489/photos/98/48/10288489/0_313804823.jpg" [1]
2011-05-28 04:40:34 URL:http://photos-p.friendster.com/photos/98/48/10288489/0_357071674.jpg [43714/43714] -> "data/1/0/2/10288489/photos/98/48/10288489/0_357071674.jpg" [1]
2011-05-28 04:40:35 URL:http://photos-p.friendster.com/photos/98/48/10288489/0_397957655.jpg [5358/5358] -> "data/1/0/2/10288489/photos/98/48/10288489/0_397957655.jpg" [1]
2011-05-28 04:40:36 URL:http://photos-p.friendster.com/photos/98/48/10288489/0_460688828.jpg [5552/5552] -> "data/1/0/2/10288489/photos/98/48/10288489/0_460688828.jpg" [1]
2011-05-28 04:40:36 URL:http://photos-p.friendster.com/photos/98/48/10288489/0_505638031.jpg [25471/25471] -> "data/1/0/2/10288489/photos/98/48/10288489/0_505638031.jpg" [1]
2011-05-28 04:40:37 URL:http://photos-p.friendster.com/photos/98/48/10288489/0_755059112.jpg [9253/9253] -> "data/1/0/2/10288489/photos/98/48/10288489/0_755059112.jpg" [1]
2011-05-28 04:40:37 URL:http://photos-p.friendster.com/photos/98/48/10288489/0_777552607.jpg [24971/24971] -> "data/1/0/2/10288489/photos/98/48/10288489/0_777552607.jpg" [1]
2011-05-28 04:40:38 URL:http://photos-p.friendster.com/photos/98/48/10288489/0_784083976.jpg [35546/35546] -> "data/1/0/2/10288489/photos/98/48/10288489/0_784083976.jpg" [1]
2011-05-28 04:40:39 URL:http://photos-p.friendster.com/photos/98/48/10288489/1_114592126.jpg [32866/32866] -> "data/1/0/2/10288489/photos/98/48/10288489/1_114592126.jpg" [1]
2011-05-28 04:40:39 URL:http://photos-p.friendster.com/photos/98/48/10288489/1_293024702.jpg [29076/29076] -> "data/1/0/2/10288489/photos/98/48/10288489/1_293024702.jpg" [1]
2011-05-28 04:40:40 URL:http://photos-p.friendster.com/photos/98/48/10288489/1_406489190.jpg [29404/29404] -> "data/1/0/2/10288489/photos/98/48/10288489/1_406489190.jpg" [1]
2011-05-28 04:40:40 URL:http://photos-p.friendster.com/photos/98/48/10288489/1_484585196.jpg [38199/38199] -> "data/1/0/2/10288489/photos/98/48/10288489/1_484585196.jpg" [1]
2011-05-28 04:40:41 URL:http://photos-p.friendster.com/photos/98/48/10288489/1_499207122.jpg [10815/10815] -> "data/1/0/2/10288489/photos/98/48/10288489/1_499207122.jpg" [1]
2011-05-28 04:40:42 URL:http://photos-p.friendster.com/photos/98/48/10288489/1_775652710.jpg [27706/27706] -> "data/1/0/2/10288489/photos/98/48/10288489/1_775652710.jpg" [1]
2011-05-28 04:40:43 URL:http://photos-p.friendster.com/photos/98/48/10288489/1_834495247.jpg [33386/33386] -> "data/1/0/2/10288489/photos/98/48/10288489/1_834495247.jpg" [1]
2011-05-28 04:40:44 URL:http://photos-p.friendster.com/photos/98/48/10288489/23650916612636.jpg [2331/2331] -> "data/1/0/2/10288489/photos/98/48/10288489/23650916612636.jpg" [1]
2011-05-28 04:40:44 URL:http://photos-p.friendster.com/photos/98/48/10288489/23733467224552.jpg [18885/18885] -> "data/1/0/2/10288489/photos/98/48/10288489/23733467224552.jpg" [1]
2011-05-28 04:40:45 URL:http://photos-p.friendster.com/photos/98/48/10288489/2373449502701.jpg [20725/20725] -> "data/1/0/2/10288489/photos/98/48/10288489/2373449502701.jpg" [1]
2011-05-28 04:40:46 URL:http://www.friendster.com/viewphotos.php?a=0&uid=10288489&page=3 [32478] -> "data/1/0/2/10288489/photos_0_3.html" [1]
2011-05-28 04:40:47 URL:http://photos-p.friendster.com/photos/54/86/6106845/0_191386202.jpg [42883/42883] -> "data/1/0/2/10288489/photos/54/86/6106845/0_191386202.jpg" [1]
2011-05-28 04:40:49 URL:http://photos-p.friendster.com/photos/90/21/12621209/0_332619820.jpg [56790/56790] -> "data/1/0/2/10288489/photos/90/21/12621209/0_332619820.jpg" [1]
2011-05-28 04:40:50 URL:http://photos-p.friendster.com/photos/90/21/12621209/0_739190783.jpg [57996/57996] -> "data/1/0/2/10288489/photos/90/21/12621209/0_739190783.jpg" [1]
2011-05-28 04:40:52 URL:http://photos-p.friendster.com/photos/90/21/12621209/0_745449608.jpg [51984/51984] -> "data/1/0/2/10288489/photos/90/21/12621209/0_745449608.jpg" [1]
2011-05-28 04:40:52 URL:http://photos-p.friendster.com/photos/98/48/10288489/0_216692359.jpg [6128/6128] -> "data/1/0/2/10288489/photos/98/48/10288489/0_216692359.jpg" [1]
2011-05-28 04:40:53 URL:http://photos-p.friendster.com/photos/98/48/10288489/0_373564275.jpg [18902/18902] -> "data/1/0/2/10288489/photos/98/48/10288489/0_373564275.jpg" [1]
2011-05-28 04:40:55 URL:http://photos-p.friendster.com/photos/98/48/10288489/0_731815408.jpg [36532/36532] -> "data/1/0/2/10288489/photos/98/48/10288489/0_731815408.jpg" [1]
2011-05-28 04:40:55 URL:http://photos-p.friendster.com/photos/98/48/10288489/0_751500014.jpg [12987/12987] -> "data/1/0/2/10288489/photos/98/48/10288489/0_751500014.jpg" [1]
2011-05-28 04:40:56 URL:http://photos-p.friendster.com/photos/98/48/10288489/0_944119686.jpg [6759/6759] -> "data/1/0/2/10288489/photos/98/48/10288489/0_944119686.jpg" [1]
2011-05-28 04:40:57 URL:http://photos-p.friendster.com/photos/98/48/10288489/0_961407240.jpg [10343/10343] -> "data/1/0/2/10288489/photos/98/48/10288489/0_961407240.jpg" [1]
2011-05-28 04:40:57 URL:http://photos-p.friendster.com/photos/98/48/10288489/0_976411167.jpg [12140/12140] -> "data/1/0/2/10288489/photos/98/48/10288489/0_976411167.jpg" [1]
2011-05-28 04:40:58 URL:http://photos-p.friendster.com/photos/98/48/10288489/1_423021534.jpg [7562/7562] -> "data/1/0/2/10288489/photos/98/48/10288489/1_423021534.jpg" [1]
2011-05-28 04:40:58 URL:http://photos-p.friendster.com/photos/98/48/10288489/1_679215249.jpg [25056/25056] -> "data/1/0/2/10288489/photos/98/48/10288489/1_679215249.jpg" [1]
2011-05-28 04:40:59 URL:http://photos-p.friendster.com/photos/98/48/10288489/1_682186133.jpg [26690/26690] -> "data/1/0/2/10288489/photos/98/48/10288489/1_682186133.jpg" [1]
2011-05-28 04:41:00 URL:http://photos-p.friendster.com/photos/98/48/10288489/1_793977194.jpg [7437/7437] -> "data/1/0/2/10288489/photos/98/48/10288489/1_793977194.jpg" [1]
2011-05-28 04:41:00 URL:http://photos-p.friendster.com/photos/98/48/10288489/23734386727883.jpg [26525/26525] -> "data/1/0/2/10288489/photos/98/48/10288489/23734386727883.jpg" [1]
2011-05-28 04:41:01 URL:http://photos-p.friendster.com/photos/98/48/10288489/23734668825293.jpg [25373/25373] -> "data/1/0/2/10288489/photos/98/48/10288489/23734668825293.jpg" [1]
2011-05-28 04:41:01 URL:http://photos-p.friendster.com/photos/98/48/10288489/3752601632140.jpg [4655/4655] -> "data/1/0/2/10288489/photos/98/48/10288489/3752601632140.jpg" [1]
2011-05-28 04:41:02 URL:http://www.friendster.com/viewphotos.php?a=106811945&uid=10288489&page=0 [32756] -> "data/1/0/2/10288489/photos_106811945_0.html" [1]
2011-05-28 04:41:03 URL:http://photos-p.friendster.com/photos/98/48/10288489/1_139364845.jpg [25332/25332] -> "data/1/0/2/10288489/photos/98/48/10288489/1_139364845.jpg" [1]
2011-05-28 04:41:03 URL:http://photos-p.friendster.com/photos/98/48/10288489/1_146599758.jpg [22948/22948] -> "data/1/0/2/10288489/photos/98/48/10288489/1_146599758.jpg" [1]
2011-05-28 04:41:05 URL:http://photos-p.friendster.com/photos/98/48/10288489/1_159181407.jpg [21586/21586] -> "data/1/0/2/10288489/photos/98/48/10288489/1_159181407.jpg" [1]
2011-05-28 04:41:06 URL:http://photos-p.friendster.com/photos/98/48/10288489/1_163900516.jpg [22774/22774] -> "data/1/0/2/10288489/photos/98/48/10288489/1_163900516.jpg" [1]
2011-05-28 04:41:08 URL:http://photos-p.friendster.com/photos/98/48/10288489/1_189579973.jpg [24777/24777] -> "data/1/0/2/10288489/photos/98/48/10288489/1_189579973.jpg" [1]
2011-05-28 04:41:08 URL:http://photos-p.friendster.com/photos/98/48/10288489/1_202394950.jpg [22109/22109] -> "data/1/0/2/10288489/photos/98/48/10288489/1_202394950.jpg" [1]
2011-05-28 04:41:09 URL:http://photos-p.friendster.com/photos/98/48/10288489/1_300239431.jpg [23005/23005] -> "data/1/0/2/10288489/photos/98/48/10288489/1_300239431.jpg" [1]
2011-05-28 04:41:10 URL:http://photos-p.friendster.com/photos/98/48/10288489/1_306039509.jpg [25679/25679] -> "data/1/0/2/10288489/photos/98/48/10288489/1_306039509.jpg" [1]
2011-05-28 04:41:10 URL:http://photos-p.friendster.com/photos/98/48/10288489/1_380861355.jpg [60428/60428] -> "data/1/0/2/10288489/photos/98/48/10288489/1_380861355.jpg" [1]
2011-05-28 04:41:14 URL:http://photos-p.friendster.com/photos/98/48/10288489/1_511016158.jpg [24819/24819] -> "data/1/0/2/10288489/photos/98/48/10288489/1_511016158.jpg" [1]
2011-05-28 04:41:15 URL:http://photos-p.friendster.com/photos/98/48/10288489/1_521237598.jpg [26450/26450] -> "data/1/0/2/10288489/photos/98/48/10288489/1_521237598.jpg" [1]
2011-05-28 04:41:15 URL:http://photos-p.friendster.com/photos/98/48/10288489/1_653024649.jpg [23071/23071] -> "data/1/0/2/10288489/photos/98/48/10288489/1_653024649.jpg" [1]
2011-05-28 04:41:16 URL:http://photos-p.friendster.com/photos/98/48/10288489/1_678998595.jpg [23858/23858] -> "data/1/0/2/10288489/photos/98/48/10288489/1_678998595.jpg" [1]
2011-05-28 04:41:18 URL:http://photos-p.friendster.com/photos/98/48/10288489/1_695793381.jpg [27509/27509] -> "data/1/0/2/10288489/photos/98/48/10288489/1_695793381.jpg" [1]
2011-05-28 04:41:18 URL:http://photos-p.friendster.com/photos/98/48/10288489/1_702184339.jpg [23093/23093] -> "data/1/0/2/10288489/photos/98/48/10288489/1_702184339.jpg" [1]
2011-05-28 04:41:18 URL:http://photos-p.friendster.com/photos/98/48/10288489/1_737938167.jpg [26699/26699] -> "data/1/0/2/10288489/photos/98/48/10288489/1_737938167.jpg" [1]
2011-05-28 04:41:19 URL:http://photos-p.friendster.com/photos/98/48/10288489/1_743786031.jpg [24432/24432] -> "data/1/0/2/10288489/photos/98/48/10288489/1_743786031.jpg" [1]
2011-05-28 04:41:21 URL:http://photos-p.friendster.com/photos/98/48/10288489/1_774787307.jpg [21313/21313] -> "data/1/0/2/10288489/photos/98/48/10288489/1_774787307.jpg" [1]
2011-05-28 04:41:21 URL:http://photos-p.friendster.com/photos/98/48/10288489/1_826664658.jpg [33275/33275] -> "data/1/0/2/10288489/photos/98/48/10288489/1_826664658.jpg" [1]
2011-05-28 04:41:22 URL:http://photos-p.friendster.com/photos/98/48/10288489/1_925364113.jpg [21235/21235] -> "data/1/0/2/10288489/photos/98/48/10288489/1_925364113.jpg" [1]
2011-05-28 04:41:23 URL:http://www.friendster.com/viewphotos.php?a=106811945&uid=10288489&page=1 [32486] -> "data/1/0/2/10288489/photos_106811945_1.html" [1]
2011-05-28 04:41:23 URL:http://photos-p.friendster.com/photos/98/48/10288489/1_120918898.jpg [25480/25480] -> "data/1/0/2/10288489/photos/98/48/10288489/1_120918898.jpg" [1]
2011-05-28 04:41:24 URL:http://photos-p.friendster.com/photos/98/48/10288489/1_170189657.jpg [53366/53366] -> "data/1/0/2/10288489/photos/98/48/10288489/1_170189657.jpg" [1]
2011-05-28 04:41:25 URL:http://photos-p.friendster.com/photos/98/48/10288489/1_249917723.jpg [26435/26435] -> "data/1/0/2/10288489/photos/98/48/10288489/1_249917723.jpg" [1]
2011-05-28 04:41:25 URL:http://photos-p.friendster.com/photos/98/48/10288489/1_282186873.jpg [31673/31673] -> "data/1/0/2/10288489/photos/98/48/10288489/1_282186873.jpg" [1]
2011-05-28 04:41:26 URL:http://photos-p.friendster.com/photos/98/48/10288489/1_315869861.jpg [27022/27022] -> "data/1/0/2/10288489/photos/98/48/10288489/1_315869861.jpg" [1]
2011-05-28 04:41:27 URL:http://photos-p.friendster.com/photos/98/48/10288489/1_369952429.jpg [25361/25361] -> "data/1/0/2/10288489/photos/98/48/10288489/1_369952429.jpg" [1]
2011-05-28 04:41:27 URL:http://photos-p.friendster.com/photos/98/48/10288489/1_410920580.jpg [27642/27642] -> "data/1/0/2/10288489/photos/98/48/10288489/1_410920580.jpg" [1]
2011-05-28 04:41:29 URL:http://photos-p.friendster.com/photos/98/48/10288489/1_473719192.jpg [7377/7377] -> "data/1/0/2/10288489/photos/98/48/10288489/1_473719192.jpg" [1]
2011-05-28 04:41:30 URL:http://photos-p.friendster.com/photos/98/48/10288489/1_491815791.jpg [32215/32215] -> "data/1/0/2/10288489/photos/98/48/10288489/1_491815791.jpg" [1]
2011-05-28 04:41:31 URL:http://photos-p.friendster.com/photos/98/48/10288489/1_492064915.jpg [30295/30295] -> "data/1/0/2/10288489/photos/98/48/10288489/1_492064915.jpg" [1]
2011-05-28 04:41:33 URL:http://photos-p.friendster.com/photos/98/48/10288489/1_517339688.jpg [36800/36800] -> "data/1/0/2/10288489/photos/98/48/10288489/1_517339688.jpg" [1]
2011-05-28 04:41:33 URL:http://photos-p.friendster.com/photos/98/48/10288489/1_517788240.jpg [28298/28298] -> "data/1/0/2/10288489/photos/98/48/10288489/1_517788240.jpg" [1]
2011-05-28 04:41:34 URL:http://photos-p.friendster.com/photos/98/48/10288489/1_633448417.jpg [35760/35760] -> "data/1/0/2/10288489/photos/98/48/10288489/1_633448417.jpg" [1]
2011-05-28 04:41:36 URL:http://photos-p.friendster.com/photos/98/48/10288489/1_647204210.jpg [26657/26657] -> "data/1/0/2/10288489/photos/98/48/10288489/1_647204210.jpg" [1]
2011-05-28 04:41:36 URL:http://photos-p.friendster.com/photos/98/48/10288489/1_782555607.jpg [21181/21181] -> "data/1/0/2/10288489/photos/98/48/10288489/1_782555607.jpg" [1]
2011-05-28 04:41:37 URL:http://photos-p.friendster.com/photos/98/48/10288489/1_790758445.jpg [26064/26064] -> "data/1/0/2/10288489/photos/98/48/10288489/1_790758445.jpg" [1]
2011-05-28 04:41:37 URL:http://photos-p.friendster.com/photos/98/48/10288489/1_837316809.jpg [23305/23305] -> "data/1/0/2/10288489/photos/98/48/10288489/1_837316809.jpg" [1]
2011-05-28 04:41:38 URL:http://photos-p.friendster.com/photos/98/48/10288489/1_868172205.jpg [36489/36489] -> "data/1/0/2/10288489/photos/98/48/10288489/1_868172205.jpg" [1]
2011-05-28 04:41:39 URL:http://photos-p.friendster.com/photos/98/48/10288489/1_991193949.jpg [37914/37914] -> "data/1/0/2/10288489/photos/98/48/10288489/1_991193949.jpg" [1]
2011-05-28 04:41:41 URL:http://www.friendster.com/viewphotos.php?a=303817831&uid=10288489&page=0 [30291] -> "data/1/0/2/10288489/photos_303817831_0.html" [1]
2011-05-28 04:41:41 URL:http://photos-p.friendster.com/photos/98/48/10288489/1_258584401.jpg [33713/33713] -> "data/1/0/2/10288489/photos/98/48/10288489/1_258584401.jpg" [1]
2011-05-28 04:41:42 URL:http://photos-p.friendster.com/photos/98/48/10288489/1_296979730.jpg [37276/37276] -> "data/1/0/2/10288489/photos/98/48/10288489/1_296979730.jpg" [1]
2011-05-28 04:41:43 URL:http://photos-p.friendster.com/photos/98/48/10288489/1_379969315.jpg [24066/24066] -> "data/1/0/2/10288489/photos/98/48/10288489/1_379969315.jpg" [1]
2011-05-28 04:41:43 URL:http://photos-p.friendster.com/photos/98/48/10288489/1_453410336.jpg [33065/33065] -> "data/1/0/2/10288489/photos/98/48/10288489/1_453410336.jpg" [1]
2011-05-28 04:41:44 URL:http://photos-p.friendster.com/photos/98/48/10288489/1_500109081.jpg [36127/36127] -> "data/1/0/2/10288489/photos/98/48/10288489/1_500109081.jpg" [1]
2011-05-28 04:41:45 URL:http://photos-p.friendster.com/photos/98/48/10288489/1_542750489.jpg [23584/23584] -> "data/1/0/2/10288489/photos/98/48/10288489/1_542750489.jpg" [1]
2011-05-28 04:41:46 URL:http://photos-p.friendster.com/photos/98/48/10288489/1_613831411.jpg [44059/44059] -> "data/1/0/2/10288489/photos/98/48/10288489/1_613831411.jpg" [1]
2011-05-28 04:41:46 URL:http://photos-p.friendster.com/photos/98/48/10288489/1_715106923.jpg [23631/23631] -> "data/1/0/2/10288489/photos/98/48/10288489/1_715106923.jpg" [1]
2011-05-28 04:41:47 URL:http://photos-p.friendster.com/photos/98/48/10288489/1_864299840.jpg [33065/33065] -> "data/1/0/2/10288489/photos/98/48/10288489/1_864299840.jpg" [1]
2011-05-28 04:41:48 URL:http://photos-p.friendster.com/photos/98/48/10288489/1_864532550.jpg [35097/35097] -> "data/1/0/2/10288489/photos/98/48/10288489/1_864532550.jpg" [1]
2011-05-28 04:41:49 URL:http://photos-p.friendster.com/photos/98/48/10288489/1_903082417.jpg [33124/33124] -> "data/1/0/2/10288489/photos/98/48/10288489/1_903082417.jpg" [1]
2011-05-28 04:41:49 URL:http://photos-p.friendster.com/photos/98/48/10288489/1_940412754.jpg [24801/24801] -> "data/1/0/2/10288489/photos/98/48/10288489/1_940412754.jpg" [1]
2011-05-28 04:41:50 URL:http://www.friendster.com/viewphotos.php?a=378858430&uid=10288489&page=0 [32676] -> "data/1/0/2/10288489/photos_378858430_0.html" [1]
2011-05-28 04:41:51 URL:http://photos.friendster.com/photos/98/48/10288489/1_101696888.jpg [15447/15447] -> "data/1/0/2/10288489/photos/98/48/10288489/1_101696888.jpg" [1]
2011-05-28 04:41:51 URL:http://photos.friendster.com/photos/98/48/10288489/1_161632197.jpg [30002/30002] -> "data/1/0/2/10288489/photos/98/48/10288489/1_161632197.jpg" [1]
2011-05-28 04:41:52 URL:http://photos.friendster.com/photos/98/48/10288489/1_347906020.jpg [26127/26127] -> "data/1/0/2/10288489/photos/98/48/10288489/1_347906020.jpg" [1]
2011-05-28 04:41:53 URL:http://photos.friendster.com/photos/98/48/10288489/1_430441274.jpg [20393/20393] -> "data/1/0/2/10288489/photos/98/48/10288489/1_430441274.jpg" [1]
2011-05-28 04:41:54 URL:http://photos.friendster.com/photos/98/48/10288489/1_473667996.jpg [24252/24252] -> "data/1/0/2/10288489/photos/98/48/10288489/1_473667996.jpg" [1]
2011-05-28 04:41:54 URL:http://photos.friendster.com/photos/98/48/10288489/1_510972091.jpg [23774/23774] -> "data/1/0/2/10288489/photos/98/48/10288489/1_510972091.jpg" [1]
2011-05-28 04:41:55 URL:http://photos.friendster.com/photos/98/48/10288489/1_597427716.jpg [25688/25688] -> "data/1/0/2/10288489/photos/98/48/10288489/1_597427716.jpg" [1]
2011-05-28 04:41:57 URL:http://photos.friendster.com/photos/98/48/10288489/1_676731195.jpg [31349/31349] -> "data/1/0/2/10288489/photos/98/48/10288489/1_676731195.jpg" [1]
2011-05-28 04:41:58 URL:http://photos.friendster.com/photos/98/48/10288489/1_680321151.jpg [21563/21563] -> "data/1/0/2/10288489/photos/98/48/10288489/1_680321151.jpg" [1]
2011-05-28 04:41:59 URL:http://photos.friendster.com/photos/98/48/10288489/1_693860131.jpg [20112/20112] -> "data/1/0/2/10288489/photos/98/48/10288489/1_693860131.jpg" [1]
2011-05-28 04:41:59 URL:http://photos.friendster.com/photos/98/48/10288489/1_702176035.jpg [28373/28373] -> "data/1/0/2/10288489/photos/98/48/10288489/1_702176035.jpg" [1]
2011-05-28 04:42:00 URL:http://photos.friendster.com/photos/98/48/10288489/1_703209450.jpg [7276/7276] -> "data/1/0/2/10288489/photos/98/48/10288489/1_703209450.jpg" [1]
2011-05-28 04:42:00 URL:http://photos.friendster.com/photos/98/48/10288489/1_756743864.jpg [14990/14990] -> "data/1/0/2/10288489/photos/98/48/10288489/1_756743864.jpg" [1]
2011-05-28 04:42:01 URL:http://photos.friendster.com/photos/98/48/10288489/1_769155572.jpg [32498/32498] -> "data/1/0/2/10288489/photos/98/48/10288489/1_769155572.jpg" [1]
2011-05-28 04:42:02 URL:http://photos.friendster.com/photos/98/48/10288489/1_773946284.jpg [20437/20437] -> "data/1/0/2/10288489/photos/98/48/10288489/1_773946284.jpg" [1]
2011-05-28 04:42:03 URL:http://photos.friendster.com/photos/98/48/10288489/1_830344249.jpg [21328/21328] -> "data/1/0/2/10288489/photos/98/48/10288489/1_830344249.jpg" [1]
2011-05-28 04:42:03 URL:http://photos.friendster.com/photos/98/48/10288489/1_905672201.jpg [21394/21394] -> "data/1/0/2/10288489/photos/98/48/10288489/1_905672201.jpg" [1]
2011-05-28 04:42:03 URL:http://photos.friendster.com/photos/98/48/10288489/1_971487590.jpg [25669/25669] -> "data/1/0/2/10288489/photos/98/48/10288489/1_971487590.jpg" [1]
2011-05-28 04:42:04 URL:http://photos.friendster.com/photos/98/48/10288489/1_990975466.jpg [15993/15993] -> "data/1/0/2/10288489/photos/98/48/10288489/1_990975466.jpg" [1]
2011-05-28 04:42:05 URL:http://www.friendster.com/viewphotos.php?a=378858430&uid=10288489&page=1 [28711] -> "data/1/0/2/10288489/photos_378858430_1.html" [1]
2011-05-28 04:42:06 URL:http://photos-p.friendster.com/photos/98/48/10288489/1_152994183.jpg [21859/21859] -> "data/1/0/2/10288489/photos/98/48/10288489/1_152994183.jpg" [1]
2011-05-28 04:42:07 URL:http://photos-p.friendster.com/photos/98/48/10288489/1_567840520.jpg [18169/18169] -> "data/1/0/2/10288489/photos/98/48/10288489/1_567840520.jpg" [1]
2011-05-28 04:42:08 URL:http://photos-p.friendster.com/photos/98/48/10288489/1_735616148.jpg [16499/16499] -> "data/1/0/2/10288489/photos/98/48/10288489/1_735616148.jpg" [1]
2011-05-28 04:42:09 URL:http://www.friendster.com/viewphotos.php?a=491402562&uid=10288489&page=0 [32741] -> "data/1/0/2/10288489/photos_491402562_0.html" [1]
2011-05-28 04:42:10 URL:http://photos-p.friendster.com/photos/98/48/10288489/1_163268794.jpg [24964/24964] -> "data/1/0/2/10288489/photos/98/48/10288489/1_163268794.jpg" [1]
2011-05-28 04:42:11 URL:http://photos-p.friendster.com/photos/98/48/10288489/1_168209897.jpg [26004/26004] -> "data/1/0/2/10288489/photos/98/48/10288489/1_168209897.jpg" [1]
2011-05-28 04:42:13 URL:http://photos-p.friendster.com/photos/98/48/10288489/1_249816027.jpg [26641/26641] -> "data/1/0/2/10288489/photos/98/48/10288489/1_249816027.jpg" [1]
2011-05-28 04:42:14 URL:http://photos-p.friendster.com/photos/98/48/10288489/1_369016834.jpg [31709/31709] -> "data/1/0/2/10288489/photos/98/48/10288489/1_369016834.jpg" [1]
2011-05-28 04:42:16 URL:http://photos-p.friendster.com/photos/98/48/10288489/1_383775122.jpg [29550/29550] -> "data/1/0/2/10288489/photos/98/48/10288489/1_383775122.jpg" [1]
2011-05-28 04:42:17 URL:http://photos-p.friendster.com/photos/98/48/10288489/1_395341631.jpg [29957/29957] -> "data/1/0/2/10288489/photos/98/48/10288489/1_395341631.jpg" [1]
2011-05-28 04:42:17 URL:http://photos-p.friendster.com/photos/98/48/10288489/1_550711937.jpg [30749/30749] -> "data/1/0/2/10288489/photos/98/48/10288489/1_550711937.jpg" [1]
2011-05-28 04:42:18 URL:http://photos-p.friendster.com/photos/98/48/10288489/1_758968193.jpg [28238/28238] -> "data/1/0/2/10288489/photos/98/48/10288489/1_758968193.jpg" [1]
2011-05-28 04:42:18 URL:http://photos-p.friendster.com/photos/98/48/10288489/1_796400708.jpg [28144/28144] -> "data/1/0/2/10288489/photos/98/48/10288489/1_796400708.jpg" [1]
2011-05-28 04:42:19 URL:http://photos-p.friendster.com/photos/98/48/10288489/1_880343489.jpg [30222/30222] -> "data/1/0/2/10288489/photos/98/48/10288489/1_880343489.jpg" [1]
2011-05-28 04:42:20 URL:http://photos-p.friendster.com/photos/98/48/10288489/1_923645827.jpg [31051/31051] -> "data/1/0/2/10288489/photos/98/48/10288489/1_923645827.jpg" [1]
2011-05-28 04:42:22 URL:http://photos-p.friendster.com/photos/98/48/10288489/1_924268129.jpg [30787/30787] -> "data/1/0/2/10288489/photos/98/48/10288489/1_924268129.jpg" [1]
2011-05-28 04:42:24 URL:http://photos-p.friendster.com/photos/98/48/10288489/1_946430930.jpg [31822/31822] -> "data/1/0/2/10288489/photos/98/48/10288489/1_946430930.jpg" [1]
2011-05-28 04:42:32 URL:http://photos-p.friendster.com/photos/98/48/10288489/1_970434308.jpg [28213/28213] -> "data/1/0/2/10288489/photos/98/48/10288489/1_970434308.jpg" [1]
2011-05-28 04:42:33 URL:http://photos-p.friendster.com/photos/98/48/10288489/2_371186707.jpg [20343/20343] -> "data/1/0/2/10288489/photos/98/48/10288489/2_371186707.jpg" [1]
2011-05-28 04:42:33 URL:http://photos-p.friendster.com/photos/98/48/10288489/2_393927668.jpg [19772/19772] -> "data/1/0/2/10288489/photos/98/48/10288489/2_393927668.jpg" [1]
2011-05-28 04:42:35 URL:http://photos-p.friendster.com/photos/98/48/10288489/2_505237410.jpg [32835/32835] -> "data/1/0/2/10288489/photos/98/48/10288489/2_505237410.jpg" [1]
2011-05-28 04:42:35 URL:http://photos-p.friendster.com/photos/98/48/10288489/2_944119601.jpg [23540/23540] -> "data/1/0/2/10288489/photos/98/48/10288489/2_944119601.jpg" [1]
2011-05-28 04:42:36 URL:http://photos-p.friendster.com/photos/98/48/10288489/2_956353858.jpg [9746/9746] -> "data/1/0/2/10288489/photos/98/48/10288489/2_956353858.jpg" [1]
2011-05-28 04:42:36 URL:http://photos-p.friendster.com/photos/98/48/10288489/2_959626597.jpg [40834/40834] -> "data/1/0/2/10288489/photos/98/48/10288489/2_959626597.jpg" [1]
2011-05-28 04:42:37 URL:http://www.friendster.com/viewphotos.php?a=491402562&uid=10288489&page=1 [30981] -> "data/1/0/2/10288489/photos_491402562_1.html" [1]
2011-05-28 04:42:37 URL:http://photos-p.friendster.com/photos/98/48/10288489/1_300485825.jpg [6578/6578] -> "data/1/0/2/10288489/photos/98/48/10288489/1_300485825.jpg" [1]
2011-05-28 04:42:38 URL:http://photos-p.friendster.com/photos/98/48/10288489/1_364747579.jpg [33778/33778] -> "data/1/0/2/10288489/photos/98/48/10288489/1_364747579.jpg" [1]
2011-05-28 04:42:39 URL:http://photos-p.friendster.com/photos/98/48/10288489/1_382903834.jpg [31410/31410] -> "data/1/0/2/10288489/photos/98/48/10288489/1_382903834.jpg" [1]
2011-05-28 04:42:39 URL:http://photos-p.friendster.com/photos/98/48/10288489/1_402915990.jpg [28805/28805] -> "data/1/0/2/10288489/photos/98/48/10288489/1_402915990.jpg" [1]
2011-05-28 04:42:40 URL:http://photos-p.friendster.com/photos/98/48/10288489/1_418885026.jpg [38874/38874] -> "data/1/0/2/10288489/photos/98/48/10288489/1_418885026.jpg" [1]
2011-05-28 04:42:41 URL:http://photos-p.friendster.com/photos/98/48/10288489/1_502215891.jpg [27558/27558] -> "data/1/0/2/10288489/photos/98/48/10288489/1_502215891.jpg" [1]
2011-05-28 04:42:41 URL:http://photos-p.friendster.com/photos/98/48/10288489/1_507390358.jpg [34882/34882] -> "data/1/0/2/10288489/photos/98/48/10288489/1_507390358.jpg" [1]
2011-05-28 04:42:42 URL:http://photos-p.friendster.com/photos/98/48/10288489/1_628256421.jpg [30048/30048] -> "data/1/0/2/10288489/photos/98/48/10288489/1_628256421.jpg" [1]
2011-05-28 04:42:42 URL:http://photos-p.friendster.com/photos/98/48/10288489/1_675609827.jpg [30400/30400] -> "data/1/0/2/10288489/photos/98/48/10288489/1_675609827.jpg" [1]
2011-05-28 04:42:43 URL:http://photos-p.friendster.com/photos/98/48/10288489/1_779743389.jpg [25110/25110] -> "data/1/0/2/10288489/photos/98/48/10288489/1_779743389.jpg" [1]
2011-05-28 04:42:45 URL:http://photos-p.friendster.com/photos/98/48/10288489/1_803022868.jpg [28186/28186] -> "data/1/0/2/10288489/photos/98/48/10288489/1_803022868.jpg" [1]
2011-05-28 04:42:46 URL:http://photos-p.friendster.com/photos/98/48/10288489/1_921193558.jpg [28373/28373] -> "data/1/0/2/10288489/photos/98/48/10288489/1_921193558.jpg" [1]
2011-05-28 04:42:46 URL:http://photos-p.friendster.com/photos/98/48/10288489/1_958034638.jpg [23523/23523] -> "data/1/0/2/10288489/photos/98/48/10288489/1_958034638.jpg" [1]
0 redirections exceeded.
0 redirections exceeded.
0 redirections exceeded.
0 redirections exceeded.
2011-05-28 04:42:49 URL:http://profiles.friendster.com/user.php?uid=10288489 [29806] -> "data/1/0/2/10288489/comments_0.html" [1]
2011-05-28 04:42:50 URL:http://www.friendster.com/shoutoutstream.php?uid=10288489&page=1 [46415] -> "data/1/0/2/10288489/shoutout_1.html" [1]
2011-05-28 04:42:51 URL:http://profiles.friendster.com/modules/module.php?uid=10288489&_pmr=&_pmmo=13 [562] -> "data/1/0/2/10288489/module_13.html" [1]
Last-modified header missing -- time-stamps turned off.
2011-05-28 04:42:53 URL:http://konztyx-07.blog.friendster.com/ [6906] -> "data/1/0/2/10288489/blog/konztyx-07.blog.friendster.com/index.html" [1]
2011-05-28 04:42:53 URL:http://konztyx-07.blog.friendster.com/wp-content/themes/default/style.css [9639/9639] -> "data/1/0/2/10288489/blog/konztyx-07.blog.friendster.com/wp-content/themes/default/style.css" [1]
2011-05-28 04:42:53 URL:http://konztyx-07.blog.friendster.com/feed/ [1397] -> "data/1/0/2/10288489/blog/konztyx-07.blog.friendster.com/feed/index.html" [1]
Last-modified header missing -- time-stamps turned off.
2011-05-28 04:42:53 URL:http://konztyx-07.blog.friendster.com/xmlrpc.php [42] -> "data/1/0/2/10288489/blog/konztyx-07.blog.friendster.com/xmlrpc.php.html" [1]
2011-05-28 04:42:54 URL:http://konztyx-07.blog.friendster.com/wp-content/themes/default/images/kubrickbgwide.jpg [1014/1014] -> "data/1/0/2/10288489/blog/konztyx-07.blog.friendster.com/wp-content/themes/default/images/kubrickbgwide.jpg" [1]
Last-modified header missing -- time-stamps turned off.
2011-05-28 04:42:54 URL:http://konztyx-07.blog.friendster.com/xmlrpc.php?rsd [918] -> "data/1/0/2/10288489/blog/konztyx-07.blog.friendster.com/xmlrpc.php?rsd" [1]
2011-05-28 04:42:54 URL:http://konztyx-07.blog.friendster.com/wp-includes/wlwmanifest.xml [1013/1013] -> "data/1/0/2/10288489/blog/konztyx-07.blog.friendster.com/wp-includes/wlwmanifest.xml" [1]
2011-05-28 04:42:54 URL:http://konztyx-07.blog.friendster.com/wp-content/mu-plugins/wp-recaptcha/recaptcha.css [1739/1739] -> "data/1/0/2/10288489/blog/konztyx-07.blog.friendster.com/wp-content/mu-plugins/wp-recaptcha/recaptcha.css" [1]
2011-05-28 04:42:54 URL:http://konztyx-07.blog.friendster.com/wp-content/plugins/css/friendster-albums-widget.css [791/791] -> "data/1/0/2/10288489/blog/konztyx-07.blog.friendster.com/wp-content/plugins/css/friendster-albums-widget.css" [1]
2011-05-28 04:42:54 URL:http://konztyx-07.blog.friendster.com/wp-content/plugins/css/friendster-aboutme-widget.css [619/619] -> "data/1/0/2/10288489/blog/konztyx-07.blog.friendster.com/wp-content/plugins/css/friendster-aboutme-widget.css" [1]
http://konztyx-07.blog.friendster.com/2007/10/4/:
2011-05-28 04:42:54 ERROR 404: Not Found.
Last-modified header missing -- time-stamps turned off.
2011-05-28 04:42:55 URL:http://konztyx-07.blog.friendster.com/category/uncategorized/ [5596] -> "data/1/0/2/10288489/blog/konztyx-07.blog.friendster.com/category/uncategorized/index.html" [1]
Last-modified header missing -- time-stamps turned off.
2011-05-28 04:42:55 URL:http://konztyx-07.blog.friendster.com/about/ [5733] -> "data/1/0/2/10288489/blog/konztyx-07.blog.friendster.com/about/index.html" [1]
Last-modified header missing -- time-stamps turned off.
2011-05-28 04:42:55 URL:http://konztyx-07.blog.friendster.com/2007/10/ [5625] -> "data/1/0/2/10288489/blog/konztyx-07.blog.friendster.com/2007/10/index.html" [1]
Last-modified header missing -- time-stamps turned off.
2011-05-28 04:42:56 URL:http://www.friendster.com/login.php?next=http%3A%2F%2Fwww.friendster.com%2Fblogs.php%3Faction%3Dedit [27611] -> "data/1/0/2/10288489/blog/konztyx-07.blog.friendster.com/wp-login.php.html" [1]
http://konztyx-07.blog.friendster.com/comments/feed/:
2011-05-28 04:42:57 ERROR 404: Not Found.
2011-05-28 04:42:57 URL:http://konztyx-07.blog.friendster.com/wp-content/themes/default/images/kubrickbgcolor.jpg [556/556] -> "data/1/0/2/10288489/blog/konztyx-07.blog.friendster.com/wp-content/themes/default/images/kubrickbgcolor.jpg" [1]
2011-05-28 04:42:57 URL:http://konztyx-07.blog.friendster.com/wp-content/themes/default/images/kubrickheader.jpg [7868/7868] -> "data/1/0/2/10288489/blog/konztyx-07.blog.friendster.com/wp-content/themes/default/images/kubrickheader.jpg" [1]
2011-05-28 04:42:57 URL:http://konztyx-07.blog.friendster.com/wp-content/themes/default/images/kubrickfooter.jpg [2443/2443] -> "data/1/0/2/10288489/blog/konztyx-07.blog.friendster.com/wp-content/themes/default/images/kubrickfooter.jpg" [1]
2011-05-28 04:42:57 URL:http://konztyx-07.blog.friendster.com/wp-content/mu-plugins/wp-recaptcha/email.png [641/641] -> "data/1/0/2/10288489/blog/konztyx-07.blog.friendster.com/wp-content/mu-plugins/wp-recaptcha/email.png" [1]
FINISHED --2011-05-28 04:42:57--
Downloaded: 18 files, 78K in 0s (149293 GB/s)
